market_size 15000000
mean_unit_price 20000
mean_product_quality 1.6
unit_price_std 4000
product_quality_std 0.2
price_quality_correlation 0.75
cost_of_resources_per_unit 2000
num_equipments_per_unit 0.00005
num_workers_per_unit 0.01
cost_of_best_equipments 160000000
wage_of_best_workers 80000
logistics_cost_per_unit 6000
cost_of_best_architects 20000000
cost_of_best_contractors 4000000000
full_coverage_marketing_cost 30000000
max_product_improvement 2.0
RaD_cost_for_max_improvement 20000000000
carbon_emmision_per_unit 1
industrial_waste_per_unit 200
emmision_cost_per_kg 0.001
waste_disposal_cost_per_kg 0.05